# JRE version: OpenJDK Runtime Environment Temurin-17.0.3+7 (17.0.3+7) (build 17.0.3+7)
# Java VM: OpenJDK 64-Bit Server VM Temurin-17.0.3+7 (17.0.3+7, mixed mode, sharing, tiered, compressed oops, compressed class ptrs, parallel gc, linux-amd64)
GC Precious Log:
 CPUs: 2 total, 2 available
 Memory: 1536M
 Large Page Support: Disabled
 NUMA Support: Disabled
 Compressed Oops: Enabled (32-bit)
 Alignments: Space 512K, Generation 512K, Heap 2M
 Heap Min Capacity: 100M
 Heap Initial Capacity: 100M
 Heap Max Capacity: 1G
 Pre-touch: Disabled
 Parallel Workers: 2
Heap:
 PSYoungGen      total 26112K, used 4853K [0x00000000eab00000, 0x00000000ec980000, 0x0000000100000000)
  eden space 25600K, 16% used [0x00000000eab00000,0x00000000eaf3d788,0x00000000ec400000)
  from space 512K, 100% used [0x00000000ec900000,0x00000000ec980000,0x00000000ec980000)
  to   space 2560K, 0% used [0x00000000ec480000,0x00000000ec480000,0x00000000ec700000)
 ParOldGen       total 74752K, used 60359K [0x00000000c0000000, 0x00000000c4900000, 0x00000000eab00000)
  object space 74752K, 80% used [0x00000000c0000000,0x00000000c3af1ed0,0x00000000c4900000)
 Metaspace       used 62155K, committed 63232K, reserved 1105920K
  class space    used 6609K, committed 7040K, reserved 1048576K
GC Heap History (20 events):
Event: 230.333 GC heap before
{Heap before GC invocations=141 (full 5):
 PSYoungGen      total 26112K, used 25696K [0x00000000eab00000, 0x00000000ec980000, 0x0000000100000000)
  eden space 25600K, 100% used [0x00000000eab00000,0x00000000ec400000,0x00000000ec400000)
  from space 512K, 18% used [0x00000000ec900000,0x00000000ec918010,0x00000000ec980000)
  to   space 512K, 0% used [0x00000000ec880000,0x00000000ec880000,0x00000000ec900000)
 ParOldGen       total 74752K, used 58657K [0x00000000c0000000, 0x00000000c4900000, 0x00000000eab00000)
  object space 74752K, 78% used [0x00000000c0000000,0x00000000c39487d0,0x00000000c4900000)
 Metaspace       used 61519K, committed 62464K, reserved 1105920K
  class space    used 6548K, committed 6912K, reserved 1048576K
}
Event: 230.334 GC heap after
{Heap after GC invocations=141 (full 5):
 PSYoungGen      total 26112K, used 96K [0x00000000eab00000, 0x00000000ec980000, 0x0000000100000000)
  eden space 25600K, 0% used [0x00000000eab00000,0x00000000eab00000,0x00000000ec400000)
  from space 512K, 18% used [0x00000000ec880000,0x00000000ec898010,0x00000000ec900000)
  to   space 512K, 0% used [0x00000000ec900000,0x00000000ec900000,0x00000000ec980000)
 ParOldGen       total 74752K, used 58673K [0x00000000c0000000, 0x00000000c4900000, 0x00000000eab00000)
  object space 74752K, 78% used [0x00000000c0000000,0x00000000c394c7d0,0x00000000c4900000)
 Metaspace       used 61519K, committed 62464K, reserved 1105920K
  class space    used 6548K, committed 6912K, reserved 1048576K
}
Event: 230.495 GC heap before
{Heap before GC invocations=142 (full 5):
 PSYoungGen      total 26112K, used 25696K [0x00000000eab00000, 0x00000000ec980000, 0x0000000100000000)
  eden space 25600K, 100% used [0x00000000eab00000,0x00000000ec400000,0x00000000ec400000)
  from space 512K, 18% used [0x00000000ec880000,0x00000000ec898010,0x00000000ec900000)
  to   space 512K, 0% used [0x00000000ec900000,0x00000000ec900000,0x00000000ec980000)
 ParOldGen       total 74752K, used 58673K [0x00000000c0000000, 0x00000000c4900000, 0x00000000eab00000)
  object space 74752K, 78% used [0x00000000c0000000,0x00000000c394c7d0,0x00000000c4900000)
 Metaspace       used 61519K, committed 62464K, reserved 1105920K
  class space    used 6548K, committed 6912K, reserved 1048576K
}
Event: 230.496 GC heap after
{Heap after GC invocations=142 (full 5):
 PSYoungGen      total 26112K, used 96K [0x00000000eab00000, 0x00000000ec980000, 0x0000000100000000)
  eden space 25600K, 0% used [0x00000000eab00000,0x00000000eab00000,0x00000000ec400000)
  from space 512K, 18% used [0x00000000ec900000,0x00000000ec918010,0x00000000ec980000)
  to   space 512K, 0% used [0x00000000ec880000,0x00000000ec880000,0x00000000ec900000)
 ParOldGen       total 74752K, used 58681K [0x00000000c0000000, 0x00000000c4900000, 0x00000000eab00000)
  object space 74752K, 78% used [0x00000000c0000000,0x00000000c394e7d0,0x00000000c4900000)
 Metaspace       used 61519K, committed 62464K, reserved 1105920K
  class space    used 6548K, committed 6912K, reserved 1048576K
}
Event: 230.633 GC heap before
{Heap before GC invocations=143 (full 5):
 PSYoungGen      total 26112K, used 25696K [0x00000000eab00000, 0x00000000ec980000, 0x0000000100000000)
  eden space 25600K, 100% used [0x00000000eab00000,0x00000000ec400000,0x00000000ec400000)
  from space 512K, 18% used [0x00000000ec900000,0x00000000ec918010,0x00000000ec980000)
  to   space 512K, 0% used [0x00000000ec880000,0x00000000ec880000,0x00000000ec900000)
 ParOldGen       total 74752K, used 58681K [0x00000000c0000000, 0x00000000c4900000, 0x00000000eab00000)
  object space 74752K, 78% used [0x00000000c0000000,0x00000000c394e7d0,0x00000000c4900000)
 Metaspace       used 61519K, committed 62464K, reserved 1105920K
  class space    used 6548K, committed 6912K, reserved 1048576K
}
Event: 230.634 GC heap after
{Heap after GC invocations=143 (full 5):
 PSYoungGen      total 26112K, used 128K [0x00000000eab00000, 0x00000000ec980000, 0x0000000100000000)
  eden space 25600K, 0% used [0x00000000eab00000,0x00000000eab00000,0x00000000ec400000)
  from space 512K, 25% used [0x00000000ec880000,0x00000000ec8a0020,0x00000000ec900000)
  to   space 512K, 0% used [0x00000000ec900000,0x00000000ec900000,0x00000000ec980000)
 ParOldGen       total 74752K, used 58697K [0x00000000c0000000, 0x00000000c4900000, 0x00000000eab00000)
  object space 74752K, 78% used [0x00000000c0000000,0x00000000c39527d0,0x00000000c4900000)
 Metaspace       used 61519K, committed 62464K, reserved 1105920K
  class space    used 6548K, committed 6912K, reserved 1048576K
}
Event: 230.761 GC heap before
{Heap before GC invocations=144 (full 5):
 PSYoungGen      total 26112K, used 25728K [0x00000000eab00000, 0x00000000ec980000, 0x0000000100000000)
  eden space 25600K, 100% used [0x00000000eab00000,0x00000000ec400000,0x00000000ec400000)
  from space 512K, 25% used [0x00000000ec880000,0x00000000ec8a0020,0x00000000ec900000)
  to   space 512K, 0% used [0x00000000ec900000,0x00000000ec900000,0x00000000ec980000)
 ParOldGen       total 74752K, used 58697K [0x00000000c0000000, 0x00000000c4900000, 0x00000000eab00000)
  object space 74752K, 78% used [0x00000000c0000000,0x00000000c39527d0,0x00000000c4900000)
 Metaspace       used 61527K, committed 62464K, reserved 1105920K
  class space    used 6548K, committed 6912K, reserved 1048576K
}
Event: 230.762 GC heap after
{Heap after GC invocations=144 (full 5):
 PSYoungGen      total 26112K, used 64K [0x00000000eab00000, 0x00000000ec980000, 0x0000000100000000)
  eden space 25600K, 0% used [0x00000000eab00000,0x00000000eab00000,0x00000000ec400000)
  from space 512K, 12% used [0x00000000ec900000,0x00000000ec910000,0x00000000ec980000)
  to   space 512K, 0% used [0x00000000ec880000,0x00000000ec880000,0x00000000ec900000)
 ParOldGen       total 74752K, used 58697K [0x00000000c0000000, 0x00000000c4900000, 0x00000000eab00000)
  object space 74752K, 78% used [0x00000000c0000000,0x00000000c39527d0,0x00000000c4900000)
 Metaspace       used 61527K, committed 62464K, reserved 1105920K
  class space    used 6548K, committed 6912K, reserved 1048576K
}
Event: 258.776 GC heap before
{Heap before GC invocations=145 (full 5):
 PSYoungGen      total 26112K, used 25664K [0x00000000eab00000, 0x00000000ec980000, 0x0000000100000000)
  eden space 25600K, 100% used [0x00000000eab00000,0x00000000ec400000,0x00000000ec400000)
  from space 512K, 12% used [0x00000000ec900000,0x00000000ec910000,0x00000000ec980000)
  to   space 512K, 0% used [0x00000000ec880000,0x00000000ec880000,0x00000000ec900000)
 ParOldGen       total 74752K, used 58697K [0x00000000c0000000, 0x00000000c4900000, 0x00000000eab00000)
  object space 74752K, 78% used [0x00000000c0000000,0x00000000c39527d0,0x00000000c4900000)
 Metaspace       used 61532K, committed 62464K, reserved 1105920K
  class space    used 6548K, committed 6912K, reserved 1048576K
}
Event: 258.777 GC heap after
{Heap after GC invocations=145 (full 5):
 PSYoungGen      total 26112K, used 64K [0x00000000eab00000, 0x00000000ec980000, 0x0000000100000000)
  eden space 25600K, 0% used [0x00000000eab00000,0x00000000eab00000,0x00000000ec400000)
  from space 512K, 12% used [0x00000000ec880000,0x00000000ec890000,0x00000000ec900000)
  to   space 512K, 0% used [0x00000000ec900000,0x00000000ec900000,0x00000000ec980000)
 ParOldGen       total 74752K, used 58697K [0x00000000c0000000, 0x00000000c4900000, 0x00000000eab00000)
  object space 74752K, 78% used [0x00000000c0000000,0x00000000c39527d0,0x00000000c4900000)
 Metaspace       used 61532K, committed 62464K, reserved 1105920K
  class space    used 6548K, committed 6912K, reserved 1048576K
}
Event: 264.102 GC heap before
{Heap before GC invocations=146 (full 5):
 PSYoungGen      total 26112K, used 25664K [0x00000000eab00000, 0x00000000ec980000, 0x0000000100000000)
  eden space 25600K, 100% used [0x00000000eab00000,0x00000000ec400000,0x00000000ec400000)
  from space 512K, 12% used [0x00000000ec880000,0x00000000ec890000,0x00000000ec900000)
  to   space 512K, 0% used [0x00000000ec900000,0x00000000ec900000,0x00000000ec980000)
 ParOldGen       total 74752K, used 58697K [0x00000000c0000000, 0x00000000c4900000, 0x00000000eab00000)
  object space 74752K, 78% used [0x00000000c0000000,0x00000000c39527d0,0x00000000c4900000)
 Metaspace       used 61533K, committed 62464K, reserved 1105920K
  class space    used 6549K, committed 6912K, reserved 1048576K
}
Event: 264.103 GC heap after
{Heap after GC invocations=146 (full 5):
 PSYoungGen      total 26112K, used 64K [0x00000000eab00000, 0x00000000ec980000, 0x0000000100000000)
  eden space 25600K, 0% used [0x00000000eab00000,0x00000000eab00000,0x00000000ec400000)
  from space 512K, 12% used [0x00000000ec900000,0x00000000ec910000,0x00000000ec980000)
  to   space 512K, 0% used [0x00000000ec880000,0x00000000ec880000,0x00000000ec900000)
 ParOldGen       total 74752K, used 58697K [0x00000000c0000000, 0x00000000c4900000, 0x00000000eab00000)
  object space 74752K, 78% used [0x00000000c0000000,0x00000000c39527d0,0x00000000c4900000)
 Metaspace       used 61533K, committed 62464K, reserved 1105920K
  class space    used 6549K, committed 6912K, reserved 1048576K
}
Event: 284.788 GC heap before
{Heap before GC invocations=147 (full 5):
 PSYoungGen      total 26112K, used 25664K [0x00000000eab00000, 0x00000000ec980000, 0x0000000100000000)
  eden space 25600K, 100% used [0x00000000eab00000,0x00000000ec400000,0x00000000ec400000)
  from space 512K, 12% used [0x00000000ec900000,0x00000000ec910000,0x00000000ec980000)
  to   space 512K, 0% used [0x00000000ec880000,0x00000000ec880000,0x00000000ec900000)
 ParOldGen       total 74752K, used 58697K [0x00000000c0000000, 0x00000000c4900000, 0x00000000eab00000)
  object space 74752K, 78% used [0x00000000c0000000,0x00000000c39527d0,0x00000000c4900000)
 Metaspace       used 61533K, committed 62464K, reserved 1105920K
  class space    used 6549K, committed 6912K, reserved 1048576K
}
Event: 284.789 GC heap after
{Heap after GC invocations=147 (full 5):
 PSYoungGen      total 26112K, used 96K [0x00000000eab00000, 0x00000000ec980000, 0x0000000100000000)
  eden space 25600K, 0% used [0x00000000eab00000,0x00000000eab00000,0x00000000ec400000)
  from space 512K, 18% used [0x00000000ec880000,0x00000000ec898000,0x00000000ec900000)
  to   space 512K, 0% used [0x00000000ec900000,0x00000000ec900000,0x00000000ec980000)
 ParOldGen       total 74752K, used 58713K [0x00000000c0000000, 0x00000000c4900000, 0x00000000eab00000)
  object space 74752K, 78% used [0x00000000c0000000,0x00000000c39567d0,0x00000000c4900000)
 Metaspace       used 61533K, committed 62464K, reserved 1105920K
  class space    used 6549K, committed 6912K, reserved 1048576K
}
Event: 337.991 GC heap before
{Heap before GC invocations=148 (full 5):
 PSYoungGen      total 26112K, used 25695K [0x00000000eab00000, 0x00000000ec980000, 0x0000000100000000)
  eden space 25600K, 99% used [0x00000000eab00000,0x00000000ec3ffff8,0x00000000ec400000)
  from space 512K, 18% used [0x00000000ec880000,0x00000000ec898000,0x00000000ec900000)
  to   space 512K, 0% used [0x00000000ec900000,0x00000000ec900000,0x00000000ec980000)
 ParOldGen       total 74752K, used 58713K [0x00000000c0000000, 0x00000000c4900000, 0x00000000eab00000)
  object space 74752K, 78% used [0x00000000c0000000,0x00000000c39567d0,0x00000000c4900000)
 Metaspace       used 61540K, committed 62464K, reserved 1105920K
  class space    used 6551K, committed 6912K, reserved 1048576K
}
Event: 337.992 GC heap after
{Heap after GC invocations=148 (full 5):
 PSYoungGen      total 26112K, used 64K [0x00000000eab00000, 0x00000000ec980000, 0x0000000100000000)
  eden space 25600K, 0% used [0x00000000eab00000,0x00000000eab00000,0x00000000ec400000)
  from space 512K, 12% used [0x00000000ec900000,0x00000000ec910000,0x00000000ec980000)
  to   space 512K, 0% used [0x00000000ec880000,0x00000000ec880000,0x00000000ec900000)
 ParOldGen       total 74752K, used 58713K [0x00000000c0000000, 0x00000000c4900000, 0x00000000eab00000)
  object space 74752K, 78% used [0x00000000c0000000,0x00000000c39567d0,0x00000000c4900000)
 Metaspace       used 61540K, committed 62464K, reserved 1105920K
  class space    used 6551K, committed 6912K, reserved 1048576K
}
Event: 387.899 GC heap before
{Heap before GC invocations=149 (full 5):
 PSYoungGen      total 26112K, used 25664K [0x00000000eab00000, 0x00000000ec980000, 0x0000000100000000)
  eden space 25600K, 100% used [0x00000000eab00000,0x00000000ec400000,0x00000000ec400000)
  from space 512K, 12% used [0x00000000ec900000,0x00000000ec910000,0x00000000ec980000)
  to   space 512K, 0% used [0x00000000ec880000,0x00000000ec880000,0x00000000ec900000)
 ParOldGen       total 74752K, used 58713K [0x00000000c0000000, 0x00000000c4900000, 0x00000000eab00000)
  object space 74752K, 78% used [0x00000000c0000000,0x00000000c39567d0,0x00000000c4900000)
 Metaspace       used 61541K, committed 62464K, reserved 1105920K
  class space    used 6551K, committed 6912K, reserved 1048576K
}
Event: 387.901 GC heap after
{Heap after GC invocations=149 (full 5):
 PSYoungGen      total 26112K, used 64K [0x00000000eab00000, 0x00000000ec980000, 0x0000000100000000)
  eden space 25600K, 0% used [0x00000000eab00000,0x00000000eab00000,0x00000000ec400000)
  from space 512K, 12% used [0x00000000ec880000,0x00000000ec890000,0x00000000ec900000)
  to   space 512K, 0% used [0x00000000ec900000,0x00000000ec900000,0x00000000ec980000)
 ParOldGen       total 74752K, used 58713K [0x00000000c0000000, 0x00000000c4900000, 0x00000000eab00000)
  object space 74752K, 78% used [0x00000000c0000000,0x00000000c39567d0,0x00000000c4900000)
 Metaspace       used 61541K, committed 62464K, reserved 1105920K
  class space    used 6551K, committed 6912K, reserved 1048576K
}
Event: 402.057 GC heap before
{Heap before GC invocations=150 (full 5):
 PSYoungGen      total 26112K, used 25605K [0x00000000eab00000, 0x00000000ec980000, 0x0000000100000000)
  eden space 25600K, 99% used [0x00000000eab00000,0x00000000ec3f1570,0x00000000ec400000)
  from space 512K, 12% used [0x00000000ec880000,0x00000000ec890000,0x00000000ec900000)
  to   space 512K, 0% used [0x00000000ec900000,0x00000000ec900000,0x00000000ec980000)
 ParOldGen       total 74752K, used 58713K [0x00000000c0000000, 0x00000000c4900000, 0x00000000eab00000)
  object space 74752K, 78% used [0x00000000c0000000,0x00000000c39567d0,0x00000000c4900000)
 Metaspace       used 61986K, committed 63040K, reserved 1105920K
  class space    used 6595K, committed 7040K, reserved 1048576K
}
Event: 402.062 GC heap after
{Heap after GC invocations=150 (full 5):
 PSYoungGen      total 26112K, used 512K [0x00000000eab00000, 0x00000000ec980000, 0x0000000100000000)
  eden space 25600K, 0% used [0x00000000eab00000,0x00000000eab00000,0x00000000ec400000)
  from space 512K, 100% used [0x00000000ec900000,0x00000000ec980000,0x00000000ec980000)
  to   space 2560K, 0% used [0x00000000ec480000,0x00000000ec480000,0x00000000ec700000)
 ParOldGen       total 74752K, used 60359K [0x00000000c0000000, 0x00000000c4900000, 0x00000000eab00000)
  object space 74752K, 80% used [0x00000000c0000000,0x00000000c3af1ed0,0x00000000c4900000)
 Metaspace       used 61986K, committed 63040K, reserved 1105920K
  class space    used 6595K, committed 7040K, reserved 1048576K
}

